<?xml version="1.0" encoding="UTF-8"?>
<!-- Generated by org.testng.reporters.JUnitReportReporter -->
<testsuite skipped="0" hostname="IND-L054" name="com.leafBot.testcases.TC007_MergeLead" tests="1" failures="0" timestamp="01 Feb 2020 05:28:00 GMT" time="34.007" errors="0">
  <testcase name="mergeLead" time="34.007" classname="com.leafBot.testcases.TC007_MergeLead"/>
</testsuite> <!-- com.leafBot.testcases.TC007_MergeLead -->
