<?xml version="1.0" encoding="UTF-8"?>
<!-- Generated by org.testng.reporters.JUnitReportReporter -->
<testsuite skipped="0" hostname="IND-L054" name="com.leafBot.testcases.TC002_LoginForFailure" tests="4" failures="0" timestamp="01 Feb 2020 05:31:37 GMT" time="25.787" errors="0">
  <testcase name="createLeaf" time="6.163" classname="com.leafBot.testcases.TC002_LoginForFailure"/>
  <testcase name="createLeaf" time="7.148" classname="com.leafBot.testcases.TC002_LoginForFailure"/>
  <testcase name="createLeaf" time="6.311" classname="com.leafBot.testcases.TC002_LoginForFailure"/>
  <testcase name="createLeaf" time="6.165" classname="com.leafBot.testcases.TC002_LoginForFailure"/>
</testsuite> <!-- com.leafBot.testcases.TC002_LoginForFailure -->
